C51 COMPILER V9.54   MAIN                                                                  08/16/2020 07:57:42 PAGE 1   


C51 COMPILER V9.54, COMPILATION OF MODULE MAIN
OBJECT MODULE PLACED IN .\object\main.obj
COMPILER INVOKED BY: D:\Keil_v5\C51\BIN\C51.EXE main.c OPTIMIZE(8,SPEED) BROWSE DEBUG OBJECTEXTEND PRINT(.\listing\main.
                    -lst) OBJECT(.\object\main.obj)

line level    source

   1          /***WS2812驱动程序***/
   2          /*作者：YUAN HUA FEI*/
   3          #include <STC8.H>
   4          #include <intrins.h>
   5          #include "UART1.h"
   6          #include "led_task.h"
   7          
   8          #define  num 253//灯泡个数
   9          
  10          sbit DO = P1^6;//数据输出
  11          sbit key = P1^7;
  12          sbit gnd = P0^0;
  13          
  14          void delays(unsigned int m)
  15          {
  16   1              do{
  17   2                      unsigned char i, j;
  18   2      
  19   2                      _nop_();
  20   2                      _nop_();
  21   2                      i = 15;
  22   2                      j = 90;
  23   2                      do
  24   2                      {
  25   3                              while (--j);
  26   3                      } while (--i);
  27   2              } while (--m);
  28   1      }
  29          
  30          void main()
  31          {
  32   1              unsigned char i;
  33   1              
  34   1              P0M0=0XFF;P0M1=0;
  35   1              gnd=0;key=1;
  36   1              
  37   1              TMOD=0X00;
  38   1              TH0 = 0XF8;
  39   1              TL0 = 0XF0;
  40   1              ET0 = 1;
  41   1              EA = 1;
  42   1              TR0 = 1;
  43   1              
  44   1              uart_config(115200);
  45   1      
  46   1              while(1)
  47   1              {
  48   2                      EA=0;
  49   2                      switch(state)
  50   2                      {
  51   3                              case 0:
  52   3                                      for(i=0;i<253;i++) WS2812WR(0,0,0);
  53   3                                      break;
  54   3                              case 1:
C51 COMPILER V9.54   MAIN                                                                  08/16/2020 07:57:42 PAGE 2   

  55   3                                      waiting();
  56   3                                      break;
  57   3                              case 2:
  58   3                                      for(i=0;i<253;i++) {
  59   4                                              if(color==2) WS2812WR(0,0,250);
  60   4                                              else WS2812WR(250,0,0);
  61   4                                      }
  62   3                                      break;
  63   3                              case 3:
  64   3                                      complete();
  65   3                                      state=0;
  66   3                                      break;
  67   3                      }
  68   2                      
  69   2                      delays(50);
  70   2                      EA=1;
  71   2              }
  72   1      }
  73                          
  74          void inter_timer_0() interrupt 1
  75          {
  76   1              static unsigned char buf=0,stable=0,scnt=0;
  77   1              
  78   1              stable<<=1;
  79   1              buf<<=1;
  80   1              if(stable == 0)
  81   1              {
  82   2                      if(scnt == 0) buf|=~key;
  83   2                      else 
  84   2                      {
  85   3                              scnt--;
  86   3      //                      stable = 0xff;
  87   3                      }
  88   2              }
  89   1              
  90   1              if(buf&0x01 == 0x01) 
  91   1              {
  92   2              //      uart_write("1");
  93   2                      SBUF = '1';
  94   2                      state = 2;
  95   2                      stable = 0xff;
  96   2                      buf = 0;
  97   2                      scnt = 20;
  98   2              }
  99   1      }
 100                          
 101                          
 102                          
 103                          
 104          /*              for(j=0;j<num;j++)
 105                          {
 106                                  for(i=0;i<num;i++)
 107                                  {
 108                                          if(i==j-2)
 109                                          WS2812WR(200,0,200);  //粉红
 110          
 111                                          if(i==j-1)
 112                                          WS2812WR(0,200,200);  //青兰
 113          
 114                                          if(i==j)
 115                                          WS2812WR(200,200,0);  //橙黄
 116          
C51 COMPILER V9.54   MAIN                                                                  08/16/2020 07:57:42 PAGE 3   

 117                                          if(i==j+1)
 118                                          WS2812WR(200,200,200);//正白
 119                                          
 120                                          else
 121                                          WS2812WR(0x22,0,0);//蓝色底色
 122                                  }               
 123                                  
 124                                          delays(100);//反正每次整完一组
 125          //都是要延时一段时间的，而每发完32bit数据
 126          //IO总是为低，那只要随便延时下就复位了                  
 127                          }*/


MODULE INFORMATION:   STATIC OVERLAYABLE
   CODE SIZE        =    207    ----
   CONSTANT SIZE    =   ----    ----
   XDATA SIZE       =   ----    ----
   PDATA SIZE       =   ----    ----
   DATA SIZE        =      3       3
   IDATA SIZE       =   ----    ----
   BIT SIZE         =   ----    ----
END OF MODULE INFORMATION.


C51 COMPILATION COMPLETE.  0 WARNING(S),  0 ERROR(S)
