C51 COMPILER V9.54   MAIN                                                                  07/13/2020 13:33:04 PAGE 1   


C51 COMPILER V9.54, COMPILATION OF MODULE MAIN
OBJECT MODULE PLACED IN .\object\main.obj
COMPILER INVOKED BY: D:\Keil_v5\C51\BIN\C51.EXE main.c OPTIMIZE(8,SPEED) BROWSE DEBUG OBJECTEXTEND PRINT(.\listing\main.
                    -lst) OBJECT(.\object\main.obj)

line level    source

   1          /***WS2812驱动程序***/
   2          /*作者：YUAN HUA FEI*/
   3          #include <STC15F2K60S2.H>
   4          #include "UART1.h"
   5          #include "led_task.h"
   6          
   7          #define  num 253//灯泡个数
   8          
   9          sbit DO = P0^1;//数据输出口口
  10          sbit key = P0^3;
  11          sbit gnd = P0^0;
  12          
  13          void delays(unsigned int m)
  14          {
  15   1        unsigned char i,j;
  16   1        while(--m)
  17   1        {
  18   2                for(i=6;i>0;i--)
  19   2                  for(j=250;j>0;j--);
  20   2        }
  21   1      }
  22          
  23          void main()
  24          {
  25   1              unsigned char i;
  26   1              
  27   1              P0M0=0XFF;P0M1=0;
  28   1              gnd=0;key=1;
  29   1              
  30   1              TMOD=0X00;
  31   1              TH0 = 0XF8;
  32   1              TL0 = 0XF0;
  33   1              ET0 = 1;
  34   1              EA = 1;
  35   1              TR0 = 1;
  36   1              
  37   1              uart_config(115200);
  38   1      
  39   1              while(1)
  40   1              {
  41   2                      EA=0;
  42   2                      /*switch(state)
  43   2                      {
  44   2                              case 0:
  45   2                                      for(i=0;i<30;i++) WS2812WR(0,250,0);
  46   2                                break;
  47   2                              case 1:
  48   2                                      waiting();
  49   2                                break;
  50   2                              case 2:
  51   2                    for(i=0;i<253;i++) 
  52   2                                {
  53   2                      if(color==2) WS2812WR(0,0,250);
  54   2                            else WS2812WR(250,0,0);
C51 COMPILER V9.54   MAIN                                                                  07/13/2020 13:33:04 PAGE 2   

  55   2                    }
  56   2                                      break;
  57   2                              case 3:
  58   2                                      complete();
  59   2                                state=0;
  60   2                      }*/
  61   2                      
  62   2                      for(i=0;i<11;i++){
  63   3                              if(key) WS2812WR(250,0,0);
  64   3                              else WS2812WR(0,0,250);
  65   3                      }
  66   2                      
  67   2                      delays(100);
  68   2                      EA=1;
  69   2              }
  70   1      }
  71                          
  72          void inter_timer_0() interrupt 1
  73          {
  74   1              static unsigned char buf=0,stable=0,scnt=0;
  75   1              
  76   1              stable<<=1;
  77   1              buf<<=1;
  78   1              if(stable == 0)
  79   1              {
  80   2                      if(scnt == 0) buf|=~key;
  81   2                      else 
  82   2                      {
  83   3                              scnt--;
  84   3      //                      stable = 0xff;
  85   3                      }
  86   2              }
  87   1              
  88   1              if(buf&0x01 == 0x01) 
  89   1              {
  90   2              //      uart_write("1");
  91   2                      SBUF = '1';
  92   2                      state = 2;
  93   2                      stable = 0xff;
  94   2                      buf = 0;
  95   2                      scnt = 20;
  96   2              }
  97   1      }
  98                          
  99                          
 100                          
 101                          
 102          /*              for(j=0;j<num;j++)
 103                          {
 104                                  for(i=0;i<num;i++)
 105                                  {
 106                                          if(i==j-2)
 107                                          WS2812WR(200,0,200);  //粉红
 108          
 109                                          if(i==j-1)
 110                                          WS2812WR(0,200,200);  //青兰
 111          
 112                                          if(i==j)
 113                                          WS2812WR(200,200,0);  //橙黄
 114          
 115                                          if(i==j+1)
 116                                          WS2812WR(200,200,200);//正白
C51 COMPILER V9.54   MAIN                                                                  07/13/2020 13:33:04 PAGE 3   

 117                                          
 118                                          else
 119                                          WS2812WR(0x22,0,0);//蓝色底色
 120                                  }               
 121                                  
 122                                          delays(100);//反正每次整完一组
 123          //都是要延时一段时间的，而每发完32bit数据
 124          //IO总是为低，那只要随便延时下就复位了                  
 125                          }*/


MODULE INFORMATION:   STATIC OVERLAYABLE
   CODE SIZE        =    157    ----
   CONSTANT SIZE    =   ----    ----
   XDATA SIZE       =   ----    ----
   PDATA SIZE       =   ----    ----
   DATA SIZE        =      3       1
   IDATA SIZE       =   ----    ----
   BIT SIZE         =   ----    ----
END OF MODULE INFORMATION.


C51 COMPILATION COMPLETE.  0 WARNING(S),  0 ERROR(S)
