C51 COMPILER V9.54   UART1                                                                 07/12/2020 17:29:57 PAGE 1   


C51 COMPILER V9.54, COMPILATION OF MODULE UART1
OBJECT MODULE PLACED IN .\object\UART1.obj
COMPILER INVOKED BY: D:\Keil_v5\C51\BIN\C51.EXE UART1.c OPTIMIZE(8,SPEED) BROWSE DEBUG OBJECTEXTEND PRINT(.\listing\UART
                    -1.lst) OBJECT(.\object\UART1.obj)

line level    source

   1          /* 
   2            BAUD设置在晶振22118400有bug，高BAUD只能设置为115200
   3            或者把uart_config()里面的if注释掉                                                                              */
   4          
   5          #ifndef _UART_C
   6          #define _UART_C
   7          
   8          #include <STC15F2K60S2.H>
   9          #include "led_task.h"
  10          #define Fosc 11059200
  11          
  12          #endif
  13          
  14          #define RXD_MAX 20
  15          
  16          bit txd_flag=0;                                                          //两者为1代表忙
  17          bit rxd_flag=0;
  18          bit rxd_complete=0;                                                      //rxd完成
  19          bit rxd_overflow=0;                                                      //接收溢出
  20          unsigned char rxd_index=0;                                       //接收字符个数
  21          unsigned char pdata buf_rxd[RXD_MAX];                    //接收缓冲
  22          
  23          unsigned char TH2_ini,TL2_ini;
  24          unsigned char cnt=0;                                             //超时计数器
  25          
  26          void uart_config(unsigned int baud)
  27          {
  28   1          if(baud!=0x8400)
  29   1              {
  30   2                  TL2_ini=65536-Fosc/(baud*4);
  31   2                  TH2_ini=(65536-Fosc/baud/4)>>8;
  32   2              }
  33   1              else
  34   1              {
  35   2                  TL2_ini=0XF4;
  36   2                      TH2_ini=0XFF;
  37   2              }
  38   1              
  39   1              EA=1;
  40   1      
  41   1              SCON=0X50;                        //开启接收
  42   1        ES=1;                  
  43   1              AUXR|=0X15;                       //T2作为波特率发生器,T2速度加倍,T2开始计时
  44   1      
  45   1        T2L=TL2_ini;            //初值
  46   1              T2H=TH2_ini;
  47   1      
  48   1      }
  49          
  50          void uart_write(unsigned char *buf)
  51          {
  52   1          while(*buf!='\0')
  53   1          {
  54   2            while(txd_flag);
C51 COMPILER V9.54   UART1                                                                 07/12/2020 17:29:57 PAGE 2   

  55   2                  txd_flag=1;
  56   2                  SBUF=*buf++;          
  57   2          }
  58   1      }
  59          
  60          void uart_read(unsigned char *buf)
  61          {
  62   1          unsigned char i=0;  
  63   1          for(i=0;i<=rxd_index;i++)
  64   1          {
  65   2              *buf++=buf_rxd[i];
  66   2          }
  67   1              rxd_index=0;
  68   1      }
  69          
  70          extern unsigned char color,state;
  71          
  72          extern void delays(unsigned int m);
  73          
  74          extern void waiting();
  75          
  76          void uart_inter() interrupt 4
  77          {
  78   1        if(RI) 
  79   1        {
  80   2                      unsigned char s=SBUF;
  81   2                      
  82   2                      RI=0;
  83   2                switch(s)
  84   2                      {
  85   3                              case 'r': color=1;break;
  86   3                              case 'b': color=2;break;
  87   3                              case '0': state=0;break;
  88   3                              case '1': state=1;break;
  89   3                              case '2': state=2;break;
  90   3                              case '3': state=3;break;
  91   3                      }
  92   2              }
  93   1      
  94   1        if(TI)
  95   1              {
  96   2                TI=0; 
  97   2        }
  98   1      }
  99            
 100          void uart_monitor()                                       //串口空闲检测，在定时器中调用
 101          {
 102   1              if(rxd_flag) cnt++;                               //串口1超时判定
 103   1              if(cnt>8)
 104   1              {
 105   2                  cnt=0;
 106   2                  rxd_flag=0;
 107   2                      if(buf_rxd[rxd_index-1]!='\0') buf_rxd[rxd_index]='\0';
 108   2                      rxd_complete=1;
 109   2              }                                 
 110   1      }                                                                                          
 111          
 112          /*
 113          extern void uart_action(unsigned char *buf,unsigned char len);            //串口动作
 114          */


C51 COMPILER V9.54   UART1                                                                 07/12/2020 17:29:57 PAGE 3   

MODULE INFORMATION:   STATIC OVERLAYABLE
   CODE SIZE        =    317    ----
   CONSTANT SIZE    =   ----    ----
   XDATA SIZE       =   ----    ----
   PDATA SIZE       =     20    ----
   DATA SIZE        =      4       9
   IDATA SIZE       =   ----    ----
   BIT SIZE         =      4    ----
END OF MODULE INFORMATION.


C51 COMPILATION COMPLETE.  0 WARNING(S),  0 ERROR(S)
