C51 COMPILER V9.54   MAIN                                                                  07/13/2020 11:54:29 PAGE 1   


C51 COMPILER V9.54, COMPILATION OF MODULE MAIN
OBJECT MODULE PLACED IN .\object\main.obj
COMPILER INVOKED BY: D:\Keil_v5\C51\BIN\C51.EXE main.c OPTIMIZE(8,SPEED) BROWSE DEBUG OBJECTEXTEND PRINT(.\listing\main.
                    -lst) OBJECT(.\object\main.obj)

line level    source

   1          /***WS2812驱动程序***/
   2          /*作者：YUAN HUA FEI*/
   3          #include <STC15F2K60S2.H>
   4          #include "UART1.h"
   5          #include "led_task.h"
   6          
   7          #define  num 253//灯泡个数
   8          
   9          sbit DO = P0^2;//数据输出口口
  10          sbit key = P0^1;
  11          sbit gnd = P0^0;
  12          
  13          void delays(unsigned int m)
  14          {
  15   1        unsigned char i,j;
  16   1        while(--m)
  17   1        {
  18   2                for(i=6;i>0;i--)
  19   2                  for(j=250;j>0;j--);
  20   2        }
  21   1      }
  22          
  23          void main()
  24          {
  25   1              unsigned char i;
  26   1              
  27   1              P0M0=0XFF;P0M1=0;
  28   1              gnd=0;key=1;
  29   1              
  30   1              TMOD=0X00;
  31   1              TH0 = 0XF8;
  32   1              TL0 = 0XF0;
  33   1              ET0 = 1;
  34   1              EA = 1;
  35   1              TR0 = 1;
  36   1              
  37   1              uart_config(115200);
  38   1      
  39   1              while(1)
  40   1              {
  41   2                      EA=0;
  42   2                      switch(state)
  43   2                      {
  44   3                              case 0:
  45   3                                      for(i=0;i<253;i++) WS2812WR(0,0,0);
  46   3                                break;
  47   3                              case 1:
  48   3                                      waiting();
  49   3                                break;
  50   3                              case 2:
  51   3                    for(i=0;i<253;i++) 
  52   3                                {
  53   4                      if(color==2) WS2812WR(0,0,250);
  54   4                            else WS2812WR(250,0,0);
C51 COMPILER V9.54   MAIN                                                                  07/13/2020 11:54:29 PAGE 2   

  55   4                    }
  56   3                                      break;
  57   3                              case 3:
  58   3                                      complete();
  59   3                                state=0;
  60   3                      }
  61   2                      
  62   2                      delays(50);
  63   2                      EA=1;
  64   2              }
  65   1      }
  66                          
  67          void inter_timer_0() interrupt 1
  68          {
  69   1              static unsigned char buf=0,stable=0,scnt=0;
  70   1              
  71   1              stable<<=1;
  72   1              buf<<=1;
  73   1              if(stable == 0)
  74   1              {
  75   2                      if(scnt == 0) buf|=~key;
  76   2                      else 
  77   2                      {
  78   3                              scnt--;
  79   3      //                      stable = 0xff;
  80   3                      }
  81   2              }
  82   1              
  83   1              if(buf&0x01 == 0x01) 
  84   1              {
  85   2              //      uart_write("1");
  86   2                      SBUF = '1';
  87   2                      state = 2;
  88   2                      stable = 0xff;
  89   2                      buf = 0;
  90   2                      scnt = 20;
  91   2              }
  92   1      }
  93                          
  94                          
  95                          
  96                          
  97          /*              for(j=0;j<num;j++)
  98                          {
  99                                  for(i=0;i<num;i++)
 100                                  {
 101                                          if(i==j-2)
 102                                          WS2812WR(200,0,200);  //粉红
 103          
 104                                          if(i==j-1)
 105                                          WS2812WR(0,200,200);  //青兰
 106          
 107                                          if(i==j)
 108                                          WS2812WR(200,200,0);  //橙黄
 109          
 110                                          if(i==j+1)
 111                                          WS2812WR(200,200,200);//正白
 112                                          
 113                                          else
 114                                          WS2812WR(0x22,0,0);//蓝色底色
 115                                  }               
 116                                  
C51 COMPILER V9.54   MAIN                                                                  07/13/2020 11:54:29 PAGE 3   

 117                                          delays(100);//反正每次整完一组
 118          //都是要延时一段时间的，而每发完32bit数据
 119          //IO总是为低，那只要随便延时下就复位了                  
 120                          }*/


MODULE INFORMATION:   STATIC OVERLAYABLE
   CODE SIZE        =    208    ----
   CONSTANT SIZE    =   ----    ----
   XDATA SIZE       =   ----    ----
   PDATA SIZE       =   ----    ----
   DATA SIZE        =      3       1
   IDATA SIZE       =   ----    ----
   BIT SIZE         =   ----    ----
END OF MODULE INFORMATION.


C51 COMPILATION COMPLETE.  0 WARNING(S),  0 ERROR(S)
